<?xml version="1.0" encoding="UTF-8"?>
<!-- Generated by org.testng.reporters.JUnitXMLReporter -->
<testsuite ignored="0" hostname="DESKTOP-A3HVP4N" failures="0" tests="3" name="Login Page Tests" time="89.552" errors="0" timestamp="2022-07-27T21:15:36 TRT">
  <testcase classname="tests.LoginTests" name="loginAndDeleteAccountTest" time="19.846"/>
  <testcase classname="tests.LoginTests" name="LoginUserWithIncorrectEmailAndPasswordTest" time="40.159"/>
  <testcase classname="tests.LoginTests" name="LogoutUserTest" time="25.769"/>
</testsuite> <!-- Login Page Tests -->
